<?xml version="1.0" encoding="UTF-8"?>
<!-- Generated by org.testng.reporters.JUnitXMLReporter -->
<testsuite ignored="0" hostname="DESKTOP-1DJ913M" failures="0" tests="4" name="Command line test" time="0.04" errors="0" timestamp="20 Mar 2019 18:45:54 GMT">
  <testcase classname="MavenProject.browserTest" name="BrowserTest" time="0.005"/>
  <testcase classname="MavenProject.browserTest" name="BrowserTest1" time="0.001"/>
  <testcase classname="MavenProject.mobileTest" name="MobileTest" time="0.0"/>
  <testcase classname="MavenProject.mobileTest" name="obileTest1" time="0.0"/>
</testsuite> <!-- Command line test -->
