<?xml version="1.0" encoding="UTF-8"?>
<testng-results ignored="0" total="4" passed="4" failed="0" skipped="0">
  <reporter-output>
  </reporter-output>
  <suite started-at="2019-03-20T18:45:54Z" name="Command line suite" finished-at="2019-03-20T18:45:54Z" duration-ms="40">
    <groups>
    </groups>
    <test started-at="2019-03-20T18:45:54Z" name="Command line test" finished-at="2019-03-20T18:45:54Z" duration-ms="40">
      <class name="MavenProject.browserTest">
        <test-method signature="BrowserTest()[pri:0, instance:MavenProject.browserTest@3967e60c]" started-at="2019-03-20T18:45:54Z" name="BrowserTest" finished-at="2019-03-20T18:45:54Z" duration-ms="5" status="PASS">
          <reporter-output>
          </reporter-output>
        </test-method> <!-- BrowserTest -->
        <test-method signature="BrowserTest1()[pri:0, instance:MavenProject.browserTest@3967e60c]" started-at="2019-03-20T18:45:54Z" name="BrowserTest1" finished-at="2019-03-20T18:45:54Z" duration-ms="1" status="PASS">
          <reporter-output>
          </reporter-output>
        </test-method> <!-- BrowserTest1 -->
      </class> <!-- MavenProject.browserTest -->
      <class name="MavenProject.mobileTest">
        <test-method signature="obileTest1()[pri:0, instance:MavenProject.mobileTest@60d8c9b7]" started-at="2019-03-20T18:45:54Z" name="obileTest1" finished-at="2019-03-20T18:45:54Z" duration-ms="0" status="PASS">
          <reporter-output>
          </reporter-output>
        </test-method> <!-- obileTest1 -->
        <test-method signature="MobileTest()[pri:0, instance:MavenProject.mobileTest@60d8c9b7]" started-at="2019-03-20T18:45:54Z" name="MobileTest" finished-at="2019-03-20T18:45:54Z" duration-ms="0" status="PASS">
          <reporter-output>
          </reporter-output>
        </test-method> <!-- MobileTest -->
      </class> <!-- MavenProject.mobileTest -->
    </test> <!-- Command line test -->
  </suite> <!-- Command line suite -->
</testng-results>
